Creation du repertoire "champs_binaries"
Writing output program to champs_binaries/42.cor
Writing output program to champs_binaries/Asombra.cor
Lexical error at [3:1]
Writing output program to champs_binaries/Bazou.cor
Writing output program to champs_binaries/Car.cor
Writing output program to champs_binaries/Code_eater.cor
Lexical error at [3:1]
Writing output program to champs_binaries/Douceur_power.cor
Writing output program to champs_binaries/Eraser.cor
Writing output program to champs_binaries/Explosive_Kitty.cor
Writing output program to champs_binaries/ForgottenOne.cor
Writing output program to champs_binaries/Gagnant.cor
Writing output program to champs_binaries/Hidden.cor
Writing output program to champs_binaries/Horace.cor
Writing output program to champs_binaries/Izi_Miaou.cor
Writing output program to champs_binaries/Kappa.cor
Writing output program to champs_binaries/Kitty_Miaou.cor
Writing output program to champs_binaries/Kittystrophic.cor
Writing output program to champs_binaries/Machine-gun.cor
Writing output program to champs_binaries/MarineKing.cor
Writing output program to champs_binaries/Misaka_Mikoto.cor
Writing output program to champs_binaries/NoIdea.cor
Writing output program to champs_binaries/O-Maley_Miaou.cor
Writing output program to champs_binaries/Octobre_Rouge_V4.2.cor
Writing output program to champs_binaries/Rainbow_dash.cor
Writing output program to champs_binaries/Stargate0_1.cor
Lexical error at [7:1]
Writing output program to champs_binaries/THUNDER.cor
Writing output program to champs_binaries/TheHarvester.cor
Lexical error at [3:1]
Writing output program to champs_binaries/Varimathras.cor
Writing output program to champs_binaries/Wall.cor
Writing output program to champs_binaries/_.cor
Writing output program to champs_binaries/_honeybadger.cor
Writing output program to champs_binaries/barriere.cor
Writing output program to champs_binaries/bee_gees.cor
Writing output program to champs_binaries/big_feet.cor
Writing output program to champs_binaries/bigzork.cor
Writing output program to champs_binaries/casimir.cor
Writing output program to champs_binaries/champ.cor
Writing output program to champs_binaries/corelol.cor
Writing output program to champs_binaries/darksasuke.cor
Writing output program to champs_binaries/doge.cor
Writing output program to champs_binaries/dubo.cor
Writing output program to champs_binaries/echo.cor
Writing output program to champs_binaries/ex.cor
Writing output program to champs_binaries/fast.cor
Writing output program to champs_binaries/fluttershy.cor
Writing output program to champs_binaries/gateau.cor
Writing output program to champs_binaries/gedeon.cor
Writing output program to champs_binaries/helltrain.cor
Writing output program to champs_binaries/jinx.cor
Writing output program to champs_binaries/jumper.cor
Writing output program to champs_binaries/justin_bee.cor
Writing output program to champs_binaries/kamelkaze.cor
Writing output program to champs_binaries/katchup.cor
Writing output program to champs_binaries/lapsang.cor
Syntax error at token [TOKEN][002:002] INSTRUCTION "ld"
Writing output program to champs_binaries/le_pet_de_nonne.cor
Lexical error at [31:23]
Writing output program to champs_binaries/littlepuppy.cor
Writing output program to champs_binaries/live.cor
Writing output program to champs_binaries/loose.cor
Writing output program to champs_binaries/lou_forktologue.cor
Writing output program to champs_binaries/mandragore.cor
Writing output program to champs_binaries/master_of_puppets.cor
Lexical error at [182:1]
Writing output program to champs_binaries/maxidef.cor
Writing output program to champs_binaries/meowluigi.cor
Writing output program to champs_binaries/mise_a_jour_windows95.cor
Writing output program to champs_binaries/mortel.cor
Lexical error at [3:1]
Writing output program to champs_binaries/overwatch.cor
Writing output program to champs_binaries/pai_mu_tan.cor
Writing output program to champs_binaries/run_Kitty_RUN.cor
Writing output program to champs_binaries/salamahenagalabadoun.cor
Writing output program to champs_binaries/sam_2.0.cor
Lexical error at [3:1]
Writing output program to champs_binaries/sencha.cor
Writing output program to champs_binaries/skynet.cor
Writing output program to champs_binaries/slider2.cor
Writing output program to champs_binaries/tchupka.cor
Lexical error at [3:1]
Lexical error at [3:1]
Lexical error at [3:1]
Writing output program to champs_binaries/terminator.cor
Writing output program to champs_binaries/toto.cor
Writing output program to champs_binaries/turtle.cor
Writing output program to champs_binaries/ultima.cor
Writing output program to champs_binaries/ultimate-surrender.cor
Writing output program to champs_binaries/wave.cor
Writing output program to champs_binaries/youforkmytralala.cor
Writing output program to champs_binaries/zork.cor
