Step 01: L1-99 L2-49 L3-960
Step 02: L1-737 L2-61 L3-386 L4-99 L5-49 L6-960
Step 03: L1-332 L2-57 L3-564 L4-737 L5-61 L6-386 L7-99 L8-49 L9-960
Step 04: L1-121 L2-726 L3-122 L4-332 L5-57 L6-564 L7-737 L8-61 L9-386 L10-99 L11-49 L12-960
Step 05: L1-end L2-437 L3-563 L4-121 L5-726 L6-122 L7-332 L8-57 L9-564 L10-737 L11-61 L12-386 L13-99 L14-49 L15-960
Step 06: L2-end L3-end L4-end L5-437 L6-563 L7-121 L8-726 L9-122 L10-332 L11-57 L12-564 L13-737 L14-61 L15-386 L16-99 L17-49 L18-960
Step 07: L5-end L6-end L7-end L8-437 L9-563 L10-121 L11-726 L12-122 L13-332 L14-57 L15-564 L16-737 L17-61 L18-386 L19-99 L20-49 L21-960
Step 08: L8-end L9-end L10-end L11-437 L12-563 L13-121 L14-726 L15-122 L16-332 L17-57 L18-564 L19-737 L20-61 L21-386 L22-99 L23-49 L24-960
Step 09: L11-end L12-end L13-end L14-437 L15-563 L16-121 L17-726 L18-122 L19-332 L20-57 L21-564 L22-737 L23-61 L24-386 L25-99 L26-49 L27-960
Step 10: L14-end L15-end L16-end L17-437 L18-563 L19-121 L20-726 L21-122 L22-332 L23-57 L24-564 L25-737 L26-61 L27-386 L28-99 L29-49 L30-960
Step 11: L17-end L18-end L19-end L20-437 L21-563 L22-121 L23-726 L24-122 L25-332 L26-57 L27-564 L28-737 L29-61 L30-386 L31-99 L32-49 L33-960
Step 12: L20-end L21-end L22-end L23-437 L24-563 L25-121 L26-726 L27-122 L28-332 L29-57 L30-564 L31-737 L32-61 L33-386 L34-99 L35-49 L36-960
Step 13: L23-end L24-end L25-end L26-437 L27-563 L28-121 L29-726 L30-122 L31-332 L32-57 L33-564 L34-737 L35-61 L36-386 L37-99 L38-49 L39-960
Step 14: L26-end L27-end L28-end L29-437 L30-563 L31-121 L32-726 L33-122 L34-332 L35-57 L36-564 L37-737 L38-61 L39-386 L40-99 L41-49 L42-960
Step 15: L29-end L30-end L31-end L32-437 L33-563 L34-121 L35-726 L36-122 L37-332 L38-57 L39-564 L40-737 L41-61 L42-386 L43-99 L44-49 L45-960
Step 16: L32-end L33-end L34-end L35-437 L36-563 L37-121 L38-726 L39-122 L40-332 L41-57 L42-564 L43-737 L44-61 L45-386 L46-99 L47-49 L48-960
Step 17: L35-end L36-end L37-end L38-437 L39-563 L40-121 L41-726 L42-122 L43-332 L44-57 L45-564 L46-737 L47-61 L48-386 L49-99 L50-49 L51-960
Step 18: L38-end L39-end L40-end L41-437 L42-563 L43-121 L44-726 L45-122 L46-332 L47-57 L48-564 L49-737 L50-61 L51-386 L52-99 L53-49 L54-960
Step 19: L41-end L42-end L43-end L44-437 L45-563 L46-121 L47-726 L48-122 L49-332 L50-57 L51-564 L52-737 L53-61 L54-386 L55-99 L56-49 L57-960
Step 20: L44-end L45-end L46-end L47-437 L48-563 L49-121 L50-726 L51-122 L52-332 L53-57 L54-564 L55-737 L56-61 L57-386 L58-99 L59-49 L60-960
Step 21: L47-end L48-end L49-end L50-437 L51-563 L52-121 L53-726 L54-122 L55-332 L56-57 L57-564 L58-737 L59-61 L60-386 L61-99 L62-49 L63-960
Step 22: L50-end L51-end L52-end L53-437 L54-563 L55-121 L56-726 L57-122 L58-332 L59-57 L60-564 L61-737 L62-61 L63-386 L64-99 L65-49 L66-960
Step 23: L53-end L54-end L55-end L56-437 L57-563 L58-121 L59-726 L60-122 L61-332 L62-57 L63-564 L64-737 L65-61 L66-386 L67-99 L68-49 L69-960
Step 24: L56-end L57-end L58-end L59-437 L60-563 L61-121 L62-726 L63-122 L64-332 L65-57 L66-564 L67-737 L68-61 L69-386 L70-99 L71-49 L72-960
Step 25: L59-end L60-end L61-end L62-437 L63-563 L64-121 L65-726 L66-122 L67-332 L68-57 L69-564 L70-737 L71-61 L72-386 L73-99 L74-49 L75-960
Step 26: L62-end L63-end L64-end L65-437 L66-563 L67-121 L68-726 L69-122 L70-332 L71-57 L72-564 L73-737 L74-61 L75-386 L76-99 L77-49 L78-960
Step 27: L65-end L66-end L67-end L68-437 L69-563 L70-121 L71-726 L72-122 L73-332 L74-57 L75-564 L76-737 L77-61 L78-386 L79-99 L80-49 L81-960
Step 28: L68-end L69-end L70-end L71-437 L72-563 L73-121 L74-726 L75-122 L76-332 L77-57 L78-564 L79-737 L80-61 L81-386 L82-99 L83-49 L84-960
Step 29: L71-end L72-end L73-end L74-437 L75-563 L76-121 L77-726 L78-122 L79-332 L80-57 L81-564 L82-737 L83-61 L84-386 L85-99 L86-49 L87-960
Step 30: L74-end L75-end L76-end L77-437 L78-563 L79-121 L80-726 L81-122 L82-332 L83-57 L84-564 L85-737 L86-61 L87-386 L88-99 L89-49 L90-960
Step 31: L77-end L78-end L79-end L80-437 L81-563 L82-121 L83-726 L84-122 L85-332 L86-57 L87-564 L88-737 L89-61 L90-386 L91-99 L92-49 L93-960
Step 32: L80-end L81-end L82-end L83-437 L84-563 L85-121 L86-726 L87-122 L88-332 L89-57 L90-564 L91-737 L92-61 L93-386 L94-99 L95-49 L96-960
Step 33: L83-end L84-end L85-end L86-437 L87-563 L88-121 L89-726 L90-122 L91-332 L92-57 L93-564 L94-737 L95-61 L96-386 L97-99 L98-49 L99-960
Step 34: L86-end L87-end L88-end L89-437 L90-563 L91-121 L92-726 L93-122 L94-332 L95-57 L96-564 L97-737 L98-61 L99-386 L100-99
Step 35: L89-end L90-end L91-end L92-437 L93-563 L94-121 L95-726 L96-122 L97-332 L98-57 L99-564 L100-737
Step 36: L92-end L93-end L94-end L95-437 L96-563 L97-121 L98-726 L99-122 L100-332
Step 37: L95-end L96-end L97-end L98-437 L99-563 L100-121
Step 38: L98-end L99-end L100-end

LI_PRINT_PATHS
start->99->713->918->437->end *(*(data->paths + 0) + data->size) vaut : 996
start->960->486->834->92->121->end *(*(data->paths + 1) + data->size) vaut : 995
start->49->61->57->726->437->918->713->99->737->332->121->92->834->486->960->386->564->122->563->end *(*(data->paths + 2) + data->size) vaut : 981

LI_PRINT_ROUTES
start->99->713->918->437->end	length : 6	ants : 100

start->99->713->918->437->end	length : 6	ants : 51
start->960->486->834->92->121->end	length : 7	ants : 49

start->99->737->332->121->end	length : 6	ants : 0
start->49->61->57->726->437->end	length : 7	ants : 0
start->960->386->564->122->563->end	length : 7	ants : 0

