Step 01: L1-99 L2-49
Step 02: L1-737 L2-61 L3-99 L4-49
Step 03: L1-332 L2-57 L3-737 L4-61 L5-99 L6-49
Step 04: L1-121 L2-726 L3-332 L4-57 L5-737 L6-61 L7-99 L8-49
Step 05: L1-end L2-437 L3-121 L4-726 L5-332 L6-57 L7-737 L8-61 L9-99 L10-49
Step 06: L2-end L3-end L4-437 L5-121 L6-726 L7-332 L8-57 L9-737 L10-61 L11-99 L12-49
Step 07: L4-end L5-end L6-437 L7-121 L8-726 L9-332 L10-57 L11-737 L12-61 L13-99 L14-49
Step 08: L6-end L7-end L8-437 L9-121 L10-726 L11-332 L12-57 L13-737 L14-61 L15-99 L16-49
Step 09: L8-end L9-end L10-437 L11-121 L12-726 L13-332 L14-57 L15-737 L16-61 L17-99 L18-49
Step 10: L10-end L11-end L12-437 L13-121 L14-726 L15-332 L16-57 L17-737 L18-61 L19-99 L20-49
Step 11: L12-end L13-end L14-437 L15-121 L16-726 L17-332 L18-57 L19-737 L20-61 L21-99 L22-49
Step 12: L14-end L15-end L16-437 L17-121 L18-726 L19-332 L20-57 L21-737 L22-61 L23-99 L24-49
Step 13: L16-end L17-end L18-437 L19-121 L20-726 L21-332 L22-57 L23-737 L24-61 L25-99 L26-49
Step 14: L18-end L19-end L20-437 L21-121 L22-726 L23-332 L24-57 L25-737 L26-61 L27-99 L28-49
Step 15: L20-end L21-end L22-437 L23-121 L24-726 L25-332 L26-57 L27-737 L28-61 L29-99 L30-49
Step 16: L22-end L23-end L24-437 L25-121 L26-726 L27-332 L28-57 L29-737 L30-61 L31-99 L32-49
Step 17: L24-end L25-end L26-437 L27-121 L28-726 L29-332 L30-57 L31-737 L32-61 L33-99 L34-49
Step 18: L26-end L27-end L28-437 L29-121 L30-726 L31-332 L32-57 L33-737 L34-61 L35-99 L36-49
Step 19: L28-end L29-end L30-437 L31-121 L32-726 L33-332 L34-57 L35-737 L36-61 L37-99 L38-49
Step 20: L30-end L31-end L32-437 L33-121 L34-726 L35-332 L36-57 L37-737 L38-61 L39-99 L40-49
Step 21: L32-end L33-end L34-437 L35-121 L36-726 L37-332 L38-57 L39-737 L40-61 L41-99 L42-49
Step 22: L34-end L35-end L36-437 L37-121 L38-726 L39-332 L40-57 L41-737 L42-61 L43-99 L44-49
Step 23: L36-end L37-end L38-437 L39-121 L40-726 L41-332 L42-57 L43-737 L44-61 L45-99 L46-49
Step 24: L38-end L39-end L40-437 L41-121 L42-726 L43-332 L44-57 L45-737 L46-61 L47-99 L48-49
Step 25: L40-end L41-end L42-437 L43-121 L44-726 L45-332 L46-57 L47-737 L48-61 L49-99 L50-49
Step 26: L42-end L43-end L44-437 L45-121 L46-726 L47-332 L48-57 L49-737 L50-61 L51-99 L52-49
Step 27: L44-end L45-end L46-437 L47-121 L48-726 L49-332 L50-57 L51-737 L52-61 L53-99 L54-49
Step 28: L46-end L47-end L48-437 L49-121 L50-726 L51-332 L52-57 L53-737 L54-61 L55-99 L56-49
Step 29: L48-end L49-end L50-437 L51-121 L52-726 L53-332 L54-57 L55-737 L56-61 L57-99 L58-49
Step 30: L50-end L51-end L52-437 L53-121 L54-726 L55-332 L56-57 L57-737 L58-61 L59-99 L60-49
Step 31: L52-end L53-end L54-437 L55-121 L56-726 L57-332 L58-57 L59-737 L60-61 L61-99 L62-49
Step 32: L54-end L55-end L56-437 L57-121 L58-726 L59-332 L60-57 L61-737 L62-61 L63-99 L64-49
Step 33: L56-end L57-end L58-437 L59-121 L60-726 L61-332 L62-57 L63-737 L64-61 L65-99 L66-49
Step 34: L58-end L59-end L60-437 L61-121 L62-726 L63-332 L64-57 L65-737 L66-61 L67-99 L68-49
Step 35: L60-end L61-end L62-437 L63-121 L64-726 L65-332 L66-57 L67-737 L68-61 L69-99 L70-49
Step 36: L62-end L63-end L64-437 L65-121 L66-726 L67-332 L68-57 L69-737 L70-61 L71-99 L72-49
Step 37: L64-end L65-end L66-437 L67-121 L68-726 L69-332 L70-57 L71-737 L72-61 L73-99 L74-49
Step 38: L66-end L67-end L68-437 L69-121 L70-726 L71-332 L72-57 L73-737 L74-61 L75-99 L76-49
Step 39: L68-end L69-end L70-437 L71-121 L72-726 L73-332 L74-57 L75-737 L76-61 L77-99 L78-49
Step 40: L70-end L71-end L72-437 L73-121 L74-726 L75-332 L76-57 L77-737 L78-61 L79-99 L80-49
Step 41: L72-end L73-end L74-437 L75-121 L76-726 L77-332 L78-57 L79-737 L80-61 L81-99 L82-49
Step 42: L74-end L75-end L76-437 L77-121 L78-726 L79-332 L80-57 L81-737 L82-61 L83-99 L84-49
Step 43: L76-end L77-end L78-437 L79-121 L80-726 L81-332 L82-57 L83-737 L84-61 L85-99 L86-49
Step 44: L78-end L79-end L80-437 L81-121 L82-726 L83-332 L84-57 L85-737 L86-61 L87-99 L88-49
Step 45: L80-end L81-end L82-437 L83-121 L84-726 L85-332 L86-57 L87-737 L88-61 L89-99 L90-49
Step 46: L82-end L83-end L84-437 L85-121 L86-726 L87-332 L88-57 L89-737 L90-61 L91-99 L92-49
Step 47: L84-end L85-end L86-437 L87-121 L88-726 L89-332 L90-57 L91-737 L92-61 L93-99 L94-49
Step 48: L86-end L87-end L88-437 L89-121 L90-726 L91-332 L92-57 L93-737 L94-61 L95-99 L96-49
Step 49: L88-end L89-end L90-437 L91-121 L92-726 L93-332 L94-57 L95-737 L96-61 L97-99 L98-49
Step 50: L90-end L91-end L92-437 L93-121 L94-726 L95-332 L96-57 L97-737 L98-61 L99-99
Step 51: L92-end L93-end L94-437 L95-121 L96-726 L97-332 L98-57 L99-737 L100-99
Step 52: L94-end L95-end L96-437 L97-121 L98-726 L99-332 L100-737
Step 53: L96-end L97-end L98-437 L99-121 L100-332
Step 54: L98-end L99-end L100-121
Step 55: L100-end

LI_PRINT_PATHS
start->99->713->918->437->end *(*(data->paths + 0) + data->size) vaut : 996
start->49->61->57->726->437->918->713->99->737->332->121->end *(*(data->paths + 1) + data->size) vaut : 989
start->960->486->834->92->121->332->737->99->713->918->437->end *(*(data->paths + 2) + data->size) vaut : 989

LI_PRINT_ROUTES
start->99->713->918->437->end	length : 6	ants : 100

start->99->737->332->121->end	length : 6	ants : 0
start->49->61->57->726->437->end	length : 7	ants : 0

